Vivado Simulator 2019.1
Copyright 1986-1999, 2001-2019 Xilinx, Inc. All Rights Reserved.
Running: /tools/Xilinx/Vivado/2019.1/bin/unwrapped/lnx64.o/xelab -wto cd2c85c5e4674887b108c5edb371c54f --incr --debug typical --relax --mt 8 -L xil_defaultlib -L unisims_ver -L secureip --snapshot esn_core_sdrtb_func_synth xil_defaultlib.esn_core_sdrtb xil_defaultlib.glbl -log elaborate.log 
Using 8 slave threads.
Starting static elaboration
Completed static elaboration
Starting simulation data flow analysis
Completed simulation data flow analysis
Time Resolution for simulation is 1ps
Compiling module xil_defaultlib.loadweights
Compiling module xil_defaultlib.return_conf
Compiling module unisims_ver.DSP48E1(ADREG=0,ALUMODEREG=0,CAR...
Compiling module xil_defaultlib.dsp48_macro_typeA_xbip_dsp48_mac...
Compiling module xil_defaultlib.dsp48_macro_typeA
Compiling module unisims_ver.x_lut1_mux2
Compiling module unisims_ver.LUT1
Compiling module unisims_ver.x_lut2_mux4
Compiling module unisims_ver.LUT2
Compiling module unisims_ver.DSP48E1(ACASCREG=0,ADREG=0,ALUMO...
Compiling module xil_defaultlib.dsp48_macro_typeB_xbip_dsp48_mac...
Compiling module xil_defaultlib.dsp48_macro_typeB
Compiling module unisims_ver.FDRE_default
Compiling module unisims_ver.DSP48E1(ADREG=0,ALUMODEREG=0,CAR...
Compiling module xil_defaultlib.dsp48_macro_typeC_xbip_dsp48_mac...
Compiling module xil_defaultlib.dsp48_macro_typeC_2
Compiling module xil_defaultlib.dsp_array_2
Compiling module unisims_ver.GND
Compiling module unisims_ver.RB36_INTERNAL_VLOG(DOA_REG=1,DOB...
Compiling module unisims_ver.RAMB36E1(DOA_REG=1,DOB_REG=1,INI...
Compiling module xil_defaultlib.tfu_tanh_purelut_8_19_blk_mem_ge...
Compiling module xil_defaultlib.tfu_tanh_purelut_8_19_blk_mem_ge...
Compiling module xil_defaultlib.tfu_tanh_purelut_8_19_blk_mem_ge...
Compiling module xil_defaultlib.tfu_tanh_purelut_8_19_blk_mem_ge...
Compiling module xil_defaultlib.tfu_tanh_purelut_8_19_blk_mem_ge...
Compiling module xil_defaultlib.tfu_tanh_purelut_8_19_blk_mem_ge...
Compiling module xil_defaultlib.tfu_tanh_purelut_8_19_lut_interc...
Compiling module unisims_ver.RB18_INTERNAL_VLOG(DOA_REG=1,DOB...
Compiling module unisims_ver.RAMB18E1(DOA_REG=1,DOB_REG=1,INI...
Compiling module xil_defaultlib.tfu_tanh_purelut_8_19_blk_mem_ge...
Compiling module xil_defaultlib.tfu_tanh_purelut_8_19_blk_mem_ge...
Compiling module xil_defaultlib.tfu_tanh_purelut_8_19_blk_mem_ge...
Compiling module xil_defaultlib.tfu_tanh_purelut_8_19_blk_mem_ge...
Compiling module xil_defaultlib.tfu_tanh_purelut_8_19_blk_mem_ge...
Compiling module xil_defaultlib.tfu_tanh_purelut_8_19_blk_mem_ge...
Compiling module xil_defaultlib.tfu_tanh_purelut_8_19_lut_slope
Compiling module xil_defaultlib.tfu_tanh_purelut_8_19_tfu_tanh_p...
Compiling module xil_defaultlib.tfu_tanh_purelut_8_19
Compiling module xil_defaultlib.dual_reservoir_neuron
Compiling module xil_defaultlib.dsp48_macro_typeC_xbip_dsp48_mac...
Compiling module xil_defaultlib.dsp48_macro_typeC
Compiling module xil_defaultlib.dsp_array
Compiling module xil_defaultlib.output_neuron_dsp
Compiling module xil_defaultlib.esn_core_default
Compiling module xil_defaultlib.esn_core_sdrtb
WARNING: [XSIM 43-3373] "/home/chunxiao/Documents/ESN_test1/ESN_test1/ESN_test1.srcs/sim_1/esn_core_sdrtb.v" Line 111. System function $fscanf is used as system task. This system function should have a LHS e.g. x=$fscanf().
WARNING: [XSIM 43-3373] "/home/chunxiao/Documents/ESN_test1/ESN_test1/ESN_test1.srcs/sim_1/esn_core_sdrtb.v" Line 120. System function $fscanf is used as system task. This system function should have a LHS e.g. x=$fscanf().
WARNING: [XSIM 43-3373] "/home/chunxiao/Documents/ESN_test1/ESN_test1/ESN_test1.srcs/sim_1/esn_core_sdrtb.v" Line 127. System function $fscanf is used as system task. This system function should have a LHS e.g. x=$fscanf().
WARNING: [XSIM 43-3373] "/home/chunxiao/Documents/ESN_test1/ESN_test1/ESN_test1.srcs/sim_1/esn_core_sdrtb.v" Line 134. System function $fscanf is used as system task. This system function should have a LHS e.g. x=$fscanf().
Compiling module xil_defaultlib.glbl
