#-----------------------------------------------------------
# Vivado v2019.2.1 (64-bit)
# SW Build 2729669 on Thu Dec  5 04:49:17 MST 2019
# IP Build 2729494 on Thu Dec  5 07:38:25 MST 2019
# Start of session at: Fri Dec  6 22:41:22 2024
# Process ID: 79604
# Current directory: C:/Users/azmin/Desktop/ESN_MIMO/ESN_MIMO_e3
# Command line: vivado.exe -gui_launcher_event rodinguilauncherevent99164 C:\Users\azmin\Desktop\ESN_MIMO\ESN_MIMO_e3\ESN_MIMO_e3.xpr
# Log file: C:/Users/azmin/Desktop/ESN_MIMO/ESN_MIMO_e3/vivado.log
# Journal file: C:/Users/azmin/Desktop/ESN_MIMO/ESN_MIMO_e3\vivado.jou
#-----------------------------------------------------------
start_gui
open_project C:/Users/azmin/Desktop/ESN_MIMO/ESN_MIMO_e3/ESN_MIMO_e3.xpr
ERROR: [Project 1-208] No val for DA Elab Attr
Scanning sources...
Finished scanning sources
CRITICAL WARNING: [Project 1-532] XML ERROR: Project Option SimulatorInstallDirModelSim has no valid value
CRITICAL WARNING: [Project 1-532] XML ERROR: Project Option SimulatorInstallDirQuesta has no valid value
CRITICAL WARNING: [Project 1-532] XML ERROR: Project Option SimulatorInstallDirXcelium has no valid value
CRITICAL WARNING: [Project 1-532] XML ERROR: Project Option SimulatorInstallDirVCS has no valid value
CRITICAL WARNING: [Project 1-532] XML ERROR: Project Option SimulatorInstallDirRiviera has no valid value
CRITICAL WARNING: [Project 1-532] XML ERROR: Project Option SimulatorInstallDirActiveHdl has no valid value
CRITICAL WARNING: [Project 1-532] XML ERROR: Project Option SimulatorGccInstallDirModelSim has no valid value
CRITICAL WARNING: [Project 1-532] XML ERROR: Project Option SimulatorGccInstallDirQuesta has no valid value
CRITICAL WARNING: [Project 1-532] XML ERROR: Project Option SimulatorGccInstallDirXcelium has no valid value
CRITICAL WARNING: [Project 1-532] XML ERROR: Project Option SimulatorGccInstallDirVCS has no valid value
CRITICAL WARNING: [Project 1-532] XML ERROR: Project Option SimulatorGccInstallDirRiviera has no valid value
CRITICAL WARNING: [Project 1-532] XML ERROR: Project Option SimulatorGccInstallDirActiveHdl has no valid value
CRITICAL WARNING: [Project 1-505] Unrecognized Option Name SimulatorVersionXsim
CRITICAL WARNING: [Project 1-505] Unrecognized Option Name SimulatorVersionModelSim
CRITICAL WARNING: [Project 1-505] Unrecognized Option Name SimulatorVersionQuesta
CRITICAL WARNING: [Project 1-505] Unrecognized Option Name SimulatorVersionXcelium
CRITICAL WARNING: [Project 1-505] Unrecognized Option Name SimulatorVersionVCS
CRITICAL WARNING: [Project 1-505] Unrecognized Option Name SimulatorVersionRiviera
CRITICAL WARNING: [Project 1-505] Unrecognized Option Name SimulatorVersionActiveHdl
CRITICAL WARNING: [Project 1-505] Unrecognized Option Name SimulatorGccVersionXsim
CRITICAL WARNING: [Project 1-505] Unrecognized Option Name SimulatorGccVersionModelSim
CRITICAL WARNING: [Project 1-505] Unrecognized Option Name SimulatorGccVersionQuesta
CRITICAL WARNING: [Project 1-505] Unrecognized Option Name SimulatorGccVersionXcelium
CRITICAL WARNING: [Project 1-505] Unrecognized Option Name SimulatorGccVersionVCS
CRITICAL WARNING: [Project 1-505] Unrecognized Option Name SimulatorGccVersionRiviera
CRITICAL WARNING: [Project 1-505] Unrecognized Option Name SimulatorGccVersionActiveHdl
WARNING: [filemgmt 56-3] IP Repository Path: Could not find the directory 'C:/Users/azmin/Desktop/ESN_editions_ISQED/ESN-SD/digitalesn/digitalesn.ipdefs/ip_tfu_tanh_purelut_0'.
CRITICAL WARNING: [Project 1-505] Unrecognized Option Name EnableResourceEstimation
CRITICAL WARNING: [Project 1-505] Unrecognized Option Name SimCompileState
CRITICAL WARNING: [Project 1-505] Unrecognized Option Name ClassicSocBoot
CRITICAL WARNING: [Project 1-505] Unrecognized Option Name LocalIPRepoLeafDirName
WARNING: [IP_Flow 19-395] Problem validating against XML schema: : Unexpected end of message
CRITICAL WARNING: [IP_Flow 19-5097] Unable to determine VLNV from IP file; verify it has the correct syntax: C:/Users/azmin/Desktop/ESN_MIMO/ESN_MIMO_e3/ESN_MIMO_e3.srcs/sources_1/ip/tfu_tanh_purelut_8_19/tfu_tanh_purelut_8_19.xci
INFO: [IP_Flow 19-234] Refreshing IP repositories
WARNING: [IP_Flow 19-2248] Failed to load user IP repository 'c:/Users/azmin/Desktop/ESN_editions_ISQED/ESN-SD/digitalesn/digitalesn.ipdefs/ip_tfu_tanh_purelut_0'; Can't find the specified path.
If this directory should no longer be in your list of user repositories, go to the IP Settings dialog and remove it.
INFO: [IP_Flow 19-2313] Loaded Vivado IP repository 'C:/Xilinx/Vivado/2019.2/data/ip'.
WARNING: [IP_Flow 19-2162] IP 'dsp48_macro_typeB' is locked:
* Project containing IP 'dsp48_macro_typeB' is read-only. * Current project part 'xc7z010iclg225-1L' and the part 'xc7vx485tffg1761-2' used to customize the IP 'dsp48_macro_typeB' do not match.
WARNING: [IP_Flow 19-2162] IP 'dsp48_macro_typeC' is locked:
* Project containing IP 'dsp48_macro_typeC' is read-only. * Current project part 'xc7z010iclg225-1L' and the part 'xc7vx485tffg1761-2' used to customize the IP 'dsp48_macro_typeC' do not match.
WARNING: [IP_Flow 19-2162] IP 'eth_sgmii' is locked:
* Project containing IP 'eth_sgmii' is read-only. * IP definition '1G/2.5G Ethernet PCS/PMA or SGMII (16.1)' for IP 'eth_sgmii' (customized with software release 2019.1.3) has a different revision in the IP Catalog. * This IP has board specific outputs. Current project board 'unset' and the board 'xilinx.com:vc707:part0:1.4' used to customize the IP 'eth_sgmii' do not match. * Current project part 'xc7z010iclg225-1L' and the part 'xc7vx485tffg1761-2' used to customize the IP 'eth_sgmii' do not match.
WARNING: [IP_Flow 19-2162] IP 'dsp48_macro_typeA' is locked:
* Project containing IP 'dsp48_macro_typeA' is read-only. * Current project part 'xc7z010iclg225-1L' and the part 'xc7vx485tffg1761-2' used to customize the IP 'dsp48_macro_typeA' do not match.
WARNING: [IP_Flow 19-2162] IP 'temac' is locked:
* Project containing IP 'temac' is read-only. * IP definition 'Tri Mode Ethernet MAC (9.0)' for IP 'temac' (customized with software release 2019.1.3) has a different revision in the IP Catalog. * This IP has board specific outputs. Current project board 'unset' and the board 'xilinx.com:vc707:part0:1.4' used to customize the IP 'temac' do not match. * Current project part 'xc7z010iclg225-1L' and the part 'xc7vx485tffg1761-2' used to customize the IP 'temac' do not match.
WARNING: [IP_Flow 19-5178] IP temac will not be generated with lower license level. If you would like to generate with the current available license levels, please reset and regenerate.
WARNING: [Project 1-231] Project 'ESN_MIMO_e3.xpr' was created with a future version and may or may not perform reliably with this version of Vivado. It has been opened in read-only mode for the protection of unrecognized data. Use 'File | Save Project As...' if you wish to alter a copy of the project.
open_project: Time (s): cpu = 00:00:16 ; elapsed = 00:00:08 . Memory (MB): peak = 825.262 ; gain = 128.418
ERROR: [Common 17-39] 'open_project' failed due to earlier errors.
update_compile_order -fileset sources_1
exit
INFO: [Common 17-206] Exiting Vivado at Fri Dec  6 23:02:49 2024...
